[LOG] System::create                           : Header version = 1.10.10. Current version = 1.10.10.
[LOG] Manager::init                            : maxchannels = 256 studioflags = 00000006 flags 00000000 extradriverdata 0000000000000000.
[LOG] SystemI::init                            : Initialize version=11010 (98815), maxchannels=256, flags=0x00020000
[LOG] SystemI::setOutputInternal               : Setting output to 'FMOD WASAPI Output'
[LOG] OutputWASAPI::init                       : Mix Format (WAVEFORMATEX): wFormatTag=0xFFFE, nChannels=2, nSamplesPerSec=48000, nAvgBytesPerSec=384000, nBlockAlign=8, wBitsPerSample=32, cbSize=22.
[LOG] OutputWASAPI::init                       : Mix Format (WAVEFORMATEXTENSIBLE): wValidBitsPerSample=32, dwChannelMask=0x00000003, SubFormat=00000003-0000-0010-8000-00AA00389B71.
[LOG] OutputWASAPI::init                       : Output buffer size: 4096 samples, latency: 0.00ms, period: 10.00ms, DSP buffer: 1024 * 4
[LOG] Thread::initThread                       : Init FMOD stream thread. Priority: 2, Stack Size: 65536, Semaphore: No, Sleep Time: 10, Looping: Yes.
[LOG] Thread::initThread                       : Init FMOD mixer thread. Priority: 3, Stack Size: 49152, Semaphore: No, Sleep Time: 0, Looping: Yes.
[LOG] AsyncManager::init                       : manager 00000000B0690038 isAsync 0 updatePeriod 0.02
[LOG] AsyncManager::init                       : done
[LOG] PlaybackSystem::init                     : 
[LOG] Thread::initThread                       : Init FMOD Studio sample load thread. Priority: 0, Stack Size: 65536, Semaphore: No, Sleep Time: 1, Looping: No.
[LOG] PlaybackSystem::init                     : done
[LOG] Thread::initThread                       : Init FMOD Studio bank load thread. Priority: 0, Stack Size: 65536, Semaphore: No, Sleep Time: 1, Looping: No.
[LOG] Manager::init                            : done.
[LOG] Manager::readBank                        : fileversion = 101, compatVersion = 99 (oldest = 44, newest = 103)
[LOG] Manager::readBank                        : fileversion = 101, compatVersion = 99 (oldest = 44, newest = 103)
[LOG] Manager::readBank                        : fileversion = 101, compatVersion = 99 (oldest = 44, newest = 103)
[LOG] Manager::readBank                        : fileversion = 101, compatVersion = 99 (oldest = 44, newest = 103)
[LOG] Manager::readBank                        : fileversion = 101, compatVersion = 99 (oldest = 44, newest = 103)
[LOG] Manager::readBank                        : fileversion = 101, compatVersion = 99 (oldest = 44, newest = 103)
[LOG] Manager::readBank                        : fileversion = 101, compatVersion = 99 (oldest = 44, newest = 103)
[LOG] PlaybackSystem::acquireMasterBus         : Setting master channel group format to 6
[LOG] SystemI::createSound                     : filename = Assets\bruitageDechecteria\Build\Desktop/Master Bank.bank : mode 02010082
[LOG] SystemI::createSound                     : FMOD_NONBLOCKING specified.  Putting into queue to be opened asynchronously!
[LOG] Thread::initThread                       : Init FMOD nonblocking thread (0). Priority: 1, Stack Size: 81920, Semaphore: Yes, Sleep Time: 0, Looping: Yes.
[LOG] SystemI::createSound                     : setdata soundi = 0000000052E9FE28 : node = 000000006B4A3EC0
[LOG] SystemI::createSound                     : add node to async list : head = 0000000097E2F978.  list count = 0
[LOG] AsyncThread::threadFunc                  : Starting Asynchronous operation on sound 0000000052E9FE28
[LOG] SystemI::createSoundInternal             :     Create name='Assets\bruitageDechecteria\Build\Desktop/Master Bank.bank', mode=0x02010082
[LOG] SystemI::createSoundInternal             :     exinfo->cbsize             = 232
[LOG] SystemI::createSoundInternal             :     exinfo->length             = 879904
[LOG] SystemI::createSoundInternal             :     exinfo->fileoffset         = 22976
[LOG] SystemI::createSoundInternal             :     exinfo->numsubsounds       = 1
[LOG] SystemI::createSoundInternal             :     exinfo->inclusionlist      = 000000006B4A3FD8
[LOG] SystemI::createSoundInternal             :     exinfo->inclusionlistnum   = 1
[LOG] SystemI::createSoundInternal             :     exinfo->suggestedsoundtype = 5
[LOG] SystemI::createSoundInternal             :     exinfo->initialseekpostype = 1
[LOG] SystemI::createSoundInternal             :     Stream 0/1: name='sireneVille1', format=2, channels=2, frequency=48000, lengthbytes=148832, lengthpcm=756088, pcmblocksize=0, loopstart=0, loopend=0, mode=0x00000000, channelmask=0x00000000, channelorder=0, peakvolume=0.970276.
[LOG] Thread::initThread                       :     Init FMOD file thread. Priority: 1, Stack Size: 16384, Semaphore: No, Sleep Time: 10, Looping: Yes.
[LOG] AsyncThread::threadFunc                  : Finished Asynchronous operation on sound 0000000052E9FE28
[LOG] SoundI::getSubSound                      : sound 0000000052E9FE28.  Subsound index 0 / 1
[LOG] SystemI::createSound                     : filename = Assets\bruitageDechecteria\Build\Desktop/Master Bank.bank : mode 02010082
[LOG] SystemI::createSound                     : FMOD_NONBLOCKING specified.  Putting into queue to be opened asynchronously!
[LOG] SystemI::createSound                     : setdata soundi = 0000000052EA0848 : node = 000000006B4A3830
[LOG] SystemI::createSound                     : add node to async list : head = 0000000097E2F978.  list count = 0
[LOG] AsyncThread::threadFunc                  : Starting Asynchronous operation on sound 0000000052EA0848
[LOG] SystemI::createSoundInternal             :     Create name='Assets\bruitageDechecteria\Build\Desktop/Master Bank.bank', mode=0x02010082
[LOG] SystemI::createSoundInternal             :     exinfo->cbsize             = 232
[LOG] SystemI::createSoundInternal             :     exinfo->length             = 879904
[LOG] SystemI::createSoundInternal             :     exinfo->fileoffset         = 22976
[LOG] SystemI::createSoundInternal             :     exinfo->numsubsounds       = 1
[LOG] SystemI::createSoundInternal             :     exinfo->inclusionlist      = 000000006B4A3948
[LOG] SystemI::createSoundInternal             :     exinfo->inclusionlistnum   = 1
[LOG] SystemI::createSoundInternal             :     exinfo->suggestedsoundtype = 5
[LOG] SystemI::createSoundInternal             :     exinfo->initialseekpostype = 1
[LOG] SystemI::createSoundInternal             :     Stream 0/1: name='sireneVille1', format=2, channels=2, frequency=48000, lengthbytes=148832, lengthpcm=756088, pcmblocksize=0, loopstart=0, loopend=0, mode=0x00000000, channelmask=0x00000000, channelorder=0, peakvolume=0.970276.
[LOG] AsyncThread::threadFunc                  : Finished Asynchronous operation on sound 0000000052EA0848
[LOG] SoundI::getSubSound                      : sound 0000000052EA0848.  Subsound index 0 / 1
[LOG] AsyncThread::threadFunc                  : Starting Asynchronous operation on sound 0000000052E9EEF8
[LOG] AsyncThread::threadFunc                  : Finished Asynchronous operation on sound 0000000052E9EEF8
[LOG] SoundI::release                          : sireneVille1 (0000000052E9FE28)
[LOG] SoundI::release                          :     sireneVille1 (0000000097E2F008)
[LOG] SoundI::release                          :     sireneVille1 (0000000052EA04E8)
[LOG] SoundI::release                          : sireneVille1 (0000000052EA0848)
[LOG] SoundI::release                          :     sireneVille1 (0000000097E2F348)
[LOG] SoundI::release                          :     sireneVille1 (0000000052E9EEF8)
[LOG] SoundI::release                          :  (00000000C208F668)
[LOG] SoundI::release                          :     chantOiseau1 (0000000097E301E8)
[LOG] SoundI::release                          :  (00000000C208FD98)
[LOG] SoundI::release                          :     chantOiseau4 (0000000096F9D838)
[LOG] SoundI::release                          :  (00000000C208EC58)
[LOG] SoundI::release                          :     chantOiseau2 (0000000097E2F688)
[LOG] SoundI::release                          :  (00000000C2090078)
[LOG] SoundI::release                          :     chantOiseau3 (0000000096F9D9D8)
[LOG] SoundI::release                          :  (00000000C20904C8)
[LOG] SoundI::release                          :     generateur1 (0000000097E30048)
[LOG] SoundI::release                          :  (00000000C2090358)
[LOG] SoundI::release                          :     generateur2 (0000000097E2F4E8)
[LOG] SoundI::release                          :  (000000000CDAA968)
[LOG] SoundI::release                          :     robot1 (0000000096F9BE38)
[LOG] SoundI::release                          :  (000000000CDAB378)
[LOG] SoundI::release                          :     robot2 (0000000096F9D698)
[LOG] SoundI::release                          :  (00000000C208F218)
[LOG] SoundI::release                          :     robot4 (0000000096F9D018)
[LOG] SoundI::release                          :  (00000000C208FF08)
[LOG] SoundI::release                          :     robot3 (0000000096F9D4F8)
[LOG] SoundI::release                          :  (000000000CDAB098)
[LOG] SoundI::release                          :     robot5 (0000000096F9D358)
[LOG] Thread::callback                         : FMOD Studio update thread finished.
[LOG] Thread::callback                         : FMOD Studio bank load thread finished.
[LOG] Profile::disconnectAll                   : Profiler disconnecting all clients
[LOG] Thread::callback                         : FMOD Studio sample load thread finished.
[LOG] LiveUpdate::release                      : 
[LOG] LiveUpdate::reset                        : Reset connection (reason Disconnected)
[LOG] Thread::callback                         : FMOD stream thread finished.
[LOG] Thread::callback                         : FMOD mixer thread finished.
[LOG] Profile::disconnectAll                   : Profiler disconnecting all clients
[LOG] SystemI::close                           : Closed.
[WRN] OutputWASAPI::mixerThread                : Starvation detected in WASAPI output buffer!
[WRN] OutputWASAPI::mixerThread                : Starvation detected in WASAPI output buffer!
